<?xml version="1.0" encoding="UTF-8"?>
<testng-results ignored="0" total="1" passed="1" failed="0" skipped="0">
  <reporter-output>
  </reporter-output>
  <suite started-at="2023-02-11T11:31:12 MSK" name="Smoke" finished-at="2023-02-11T11:31:29 MSK" duration-ms="17456">
    <groups>
    </groups>
    <test started-at="2023-02-11T11:31:12 MSK" name="UserAccess" finished-at="2023-02-11T11:31:29 MSK" duration-ms="17456">
      <class name="test.GoogleCloudSearchResults">
        <test-method is-config="true" signature="createDriver()[pri:0, instance:test.GoogleCloudSearchResults@6eda5c9]" started-at="2023-02-11T11:31:12 MSK" name="createDriver" finished-at="2023-02-11T11:31:13 MSK" duration-ms="1242" status="PASS">
          <reporter-output>
          </reporter-output>
        </test-method> <!-- createDriver -->
        <test-method signature="commonSearchResultsNotEmpty()[pri:0, instance:test.GoogleCloudSearchResults@6eda5c9]" started-at="2023-02-11T11:31:13 MSK" name="commonSearchResultsNotEmpty" description="JIRA-7566" finished-at="2023-02-11T11:31:29 MSK" duration-ms="16070" status="PASS">
          <reporter-output>
          </reporter-output>
        </test-method> <!-- commonSearchResultsNotEmpty -->
        <test-method is-config="true" signature="browserClose()[pri:0, instance:test.GoogleCloudSearchResults@6eda5c9]" started-at="2023-02-11T11:31:29 MSK" name="browserClose" finished-at="2023-02-11T11:31:29 MSK" duration-ms="126" status="PASS">
          <reporter-output>
          </reporter-output>
        </test-method> <!-- browserClose -->
      </class> <!-- test.GoogleCloudSearchResults -->
    </test> <!-- UserAccess -->
  </suite> <!-- Smoke -->
</testng-results>
